Arguments: 
  /usr/bin/node /usr/share/yarn/bin/yarn.js add @material-ui/icons/Search

PATH: 
  /usr/lib/android-sdk/cmdline-tools/tools/bin:/usr/lib/android-sdk/platform-tools:/usr/lib/android-sdk/tools/bin:/usr/lib/android-sdk/tools:/usr/lib/android-sdk/emulator:/snap/bin:/usr/local/games:/usr/games:/bin:/sbin:/usr/bin:/usr/sbin:/usr/local/bin:/usr/local/sbin:/home/cedric/.local/bin

Yarn version: 
  1.22.5

Node version: 
  10.19.0

Platform: 
  linux x64

Trace: 
  Error: https://registry.yarnpkg.com/@material-ui%2ficons/Search: Request "https://registry.yarnpkg.com/@material-ui%2ficons/Search" returned a 405
      at Request.params.callback [as _callback] (/usr/share/yarn/lib/cli.js:66997:18)
      at Request.self.callback (/usr/share/yarn/lib/cli.js:140749:22)
      at Request.emit (events.js:198:13)
      at Request.<anonymous> (/usr/share/yarn/lib/cli.js:141721:10)
      at Request.emit (events.js:198:13)
      at IncomingMessage.<anonymous> (/usr/share/yarn/lib/cli.js:141643:12)
      at Object.onceWrapper (events.js:286:20)
      at IncomingMessage.emit (events.js:203:15)
      at endReadableNT (_stream_readable.js:1145:12)
      at process._tickCallback (internal/process/next_tick.js:63:19)

npm manifest: 
  {
    "name": "hub-airbnb",
    "version": "0.1.0",
    "private": true,
    "dependencies": {
      "@material-ui/icons": "^4.11.2",
      "@testing-library/jest-dom": "^5.11.9",
      "@testing-library/react": "^11.2.3",
      "@testing-library/user-event": "^12.6.2",
      "react": "^17.0.1",
      "react-dom": "^17.0.1",
      "react-scripts": "4.0.1",
      "web-vitals": "^0.2.4"
    },
    "scripts": {
      "start": "react-scripts start",
      "build": "react-scripts build",
      "test": "react-scripts test",
      "eject": "react-scripts eject"
    },
    "eslintConfig": {
      "extends": [
        "react-app",
        "react-app/jest"
      ]
    },
    "browserslist": {
      "production": [
        ">0.2%",
        "not dead",
        "not op_mini all"
      ],
      "development": [
        "last 1 chrome version",
        "last 1 firefox version",
        "last 1 safari version"
      ]
    }
  }

yarn manifest: 
  No manifest

Lockfile: 
  No lockfile
